2020-05-11 08:41:56 Error: [MissingControllerException] Controller class SampleController could not be found.
Exception Attributes: array (
  'class' => 'SampleController',
  'plugin' => NULL,
)
Request URL: /reader_f/six/sample/Tasks/index
Stack Trace:
#0 C:\Apache24\htdocs\reader_f\six\app\webroot\index.php(108): Dispatcher->dispatch(Object(CakeRequest), Object(CakeResponse))
#1 {main}
2020-05-11 08:42:14 Error: [MissingConnectionException] Database connection "Mysql" is missing, or could not be created.
Exception Attributes: array (
  'class' => 'Mysql',
  'message' => 'SQLSTATE[HY000] [1045] Access denied for user \'user\'@\'localhost\' (using password: YES)',
  'enabled' => true,
)
Request URL: /reader_f/six/Tasks/index
Stack Trace:
#0 C:\Apache24\htdocs\reader_f\six\lib\Cake\Model\Datasource\DboSource.php(260): Mysql->connect()
#1 C:\Apache24\htdocs\reader_f\six\lib\Cake\Model\ConnectionManager.php(105): DboSource->__construct(Array)
#2 C:\Apache24\htdocs\reader_f\six\lib\Cake\Model\Model.php(3545): ConnectionManager::getDataSource('default')
#3 C:\Apache24\htdocs\reader_f\six\lib\Cake\Model\Model.php(1136): Model->setDataSource('default')
#4 C:\Apache24\htdocs\reader_f\six\lib\Cake\Model\Model.php(3572): Model->setSource('tasks')
#5 C:\Apache24\htdocs\reader_f\six\lib\Cake\Model\Model.php(1368): Model->getDataSource()
#6 C:\Apache24\htdocs\reader_f\six\lib\Cake\Model\Model.php(1460): Model->schema()
#7 C:\Apache24\htdocs\reader_f\six\lib\Cake\Model\Model.php(1447): Model->hasField('title', false)
#8 C:\Apache24\htdocs\reader_f\six\lib\Cake\Model\Model.php(888): Model->hasField(Array)
#9 C:\Apache24\htdocs\reader_f\six\lib\Cake\Controller\Scaffold.php(130): Model->__get('displayField')
#10 C:\Apache24\htdocs\reader_f\six\lib\Cake\Controller\Controller.php(535): Scaffold->__construct(Object(TasksController), Object(CakeRequest))
#11 C:\Apache24\htdocs\reader_f\six\lib\Cake\Controller\Controller.php(494): Controller->_getScaffold(Object(CakeRequest))
#12 C:\Apache24\htdocs\reader_f\six\lib\Cake\Routing\Dispatcher.php(193): Controller->invokeAction(Object(CakeRequest))
#13 C:\Apache24\htdocs\reader_f\six\lib\Cake\Routing\Dispatcher.php(167): Dispatcher->_invoke(Object(TasksController), Object(CakeRequest))
#14 C:\Apache24\htdocs\reader_f\six\app\webroot\index.php(108): Dispatcher->dispatch(Object(CakeRequest), Object(CakeResponse))
#15 {main}
2020-05-11 08:59:01 Error: [MissingControllerException] Controller class SampleController could not be found.
Exception Attributes: array (
  'class' => 'SampleController',
  'plugin' => NULL,
)
Request URL: /reader_f/six/sample/Tasks/done
Stack Trace:
#0 C:\Apache24\htdocs\reader_f\six\app\webroot\index.php(108): Dispatcher->dispatch(Object(CakeRequest), Object(CakeResponse))
#1 {main}
2020-05-11 08:59:18 Error: [MissingControllerException] Controller class SampleController could not be found.
Exception Attributes: array (
  'class' => 'SampleController',
  'plugin' => NULL,
)
Request URL: /reader_f/six/sample/Tasks/done/1
Stack Trace:
#0 C:\Apache24\htdocs\reader_f\six\app\webroot\index.php(108): Dispatcher->dispatch(Object(CakeRequest), Object(CakeResponse))
#1 {main}
2020-05-11 09:03:34 Error: [MissingControllerException] Controller class SampleController could not be found.
Exception Attributes: array (
  'class' => 'SampleController',
  'plugin' => NULL,
)
Request URL: /reader_f/six/sample/Tasks/done/1
Stack Trace:
#0 C:\Apache24\htdocs\reader_f\six\app\webroot\index.php(108): Dispatcher->dispatch(Object(CakeRequest), Object(CakeResponse))
#1 {main}
2020-05-11 09:11:22 Error: [MissingControllerException] Controller class SampleController could not be found.
Exception Attributes: array (
  'class' => 'SampleController',
  'plugin' => NULL,
)
Request URL: /reader_f/six/sample/Tasks/done/1
Stack Trace:
#0 C:\Apache24\htdocs\reader_f\six\app\webroot\index.php(108): Dispatcher->dispatch(Object(CakeRequest), Object(CakeResponse))
#1 {main}
2020-05-11 09:28:33 Error: Fatal Error (4): syntax error, unexpected '$this' (T_VARIABLE), expecting ',' or ';' in [C:\Apache24\htdocs\reader_f\six\app\View\Tasks\index.ctp, line 20]
2020-05-11 09:28:33 Error: [FatalErrorException] syntax error, unexpected '$this' (T_VARIABLE), expecting ',' or ';'
Request URL: /reader_f/six/Tasks/index
Stack Trace:
#0 C:\Apache24\htdocs\reader_f\six\lib\Cake\Error\ErrorHandler.php(203): ErrorHandler::handleFatalError(4, 'syntax error, u...', 'C:\\Apache24\\htd...', 20)
#1 [internal function]: ErrorHandler::handleError(4, 'syntax error, u...', 'C:\\Apache24\\htd...', 20, Array)
#2 C:\Apache24\htdocs\reader_f\six\lib\Cake\Core\App.php(931): call_user_func('ErrorHandler::h...', 4, 'syntax error, u...', 'C:\\Apache24\\htd...', 20, Array)
#3 C:\Apache24\htdocs\reader_f\six\lib\Cake\Core\App.php(904): App::_checkFatalError()
#4 [internal function]: App::shutdown()
#5 {main}
2020-05-11 09:30:12 Error: Fatal Error (4): syntax error, unexpected '$this' (T_VARIABLE), expecting ',' or ';' in [C:\Apache24\htdocs\reader_f\six\app\View\Tasks\index.ctp, line 20]
2020-05-11 09:30:12 Error: [FatalErrorException] syntax error, unexpected '$this' (T_VARIABLE), expecting ',' or ';'
Request URL: /reader_f/six/Tasks/index
Stack Trace:
#0 C:\Apache24\htdocs\reader_f\six\lib\Cake\Error\ErrorHandler.php(203): ErrorHandler::handleFatalError(4, 'syntax error, u...', 'C:\\Apache24\\htd...', 20)
#1 [internal function]: ErrorHandler::handleError(4, 'syntax error, u...', 'C:\\Apache24\\htd...', 20, Array)
#2 C:\Apache24\htdocs\reader_f\six\lib\Cake\Core\App.php(931): call_user_func('ErrorHandler::h...', 4, 'syntax error, u...', 'C:\\Apache24\\htd...', 20, Array)
#3 C:\Apache24\htdocs\reader_f\six\lib\Cake\Core\App.php(904): App::_checkFatalError()
#4 [internal function]: App::shutdown()
#5 {main}
2020-05-11 10:47:40 Error: Fatal Error (4): syntax error, unexpected 'fuction' (T_STRING), expecting variable (T_VARIABLE) in [C:\Apache24\htdocs\reader_f\six\app\Model\AppModel.php, line 36]
2020-05-11 10:47:40 Error: [FatalErrorException] syntax error, unexpected 'fuction' (T_STRING), expecting variable (T_VARIABLE)
Request URL: /reader_f/six/Tasks/index
Stack Trace:
#0 C:\Apache24\htdocs\reader_f\six\lib\Cake\Error\ErrorHandler.php(203): ErrorHandler::handleFatalError(4, 'syntax error, u...', 'C:\\Apache24\\htd...', 36)
#1 [internal function]: ErrorHandler::handleError(4, 'syntax error, u...', 'C:\\Apache24\\htd...', 36, Array)
#2 C:\Apache24\htdocs\reader_f\six\lib\Cake\Core\App.php(931): call_user_func('ErrorHandler::h...', 4, 'syntax error, u...', 'C:\\Apache24\\htd...', 36, Array)
#3 C:\Apache24\htdocs\reader_f\six\lib\Cake\Core\App.php(904): App::_checkFatalError()
#4 [internal function]: App::shutdown()
#5 {main}
2020-05-11 10:51:05 Error: [MissingControllerException] Controller class IndexController could not be found.
Exception Attributes: array (
  'class' => 'IndexController',
  'plugin' => NULL,
)
Request URL: /reader_f/six/index
Stack Trace:
#0 C:\Apache24\htdocs\reader_f\six\app\webroot\index.php(108): Dispatcher->dispatch(Object(CakeRequest), Object(CakeResponse))
#1 {main}
2020-05-11 10:51:16 Error: [MissingControllerException] Controller class FriendController could not be found.
Exception Attributes: array (
  'class' => 'FriendController',
  'plugin' => NULL,
)
Request URL: /reader_f/six/friend
Stack Trace:
#0 C:\Apache24\htdocs\reader_f\six\app\webroot\index.php(108): Dispatcher->dispatch(Object(CakeRequest), Object(CakeResponse))
#1 {main}
2020-05-11 10:51:22 Error: Fatal Error (4): syntax error, unexpected 'fuction' (T_STRING), expecting variable (T_VARIABLE) in [C:\Apache24\htdocs\reader_f\six\app\Model\AppModel.php, line 36]
2020-05-11 10:51:22 Error: [FatalErrorException] syntax error, unexpected 'fuction' (T_STRING), expecting variable (T_VARIABLE)
Request URL: /reader_f/six/friends
Stack Trace:
#0 C:\Apache24\htdocs\reader_f\six\lib\Cake\Error\ErrorHandler.php(203): ErrorHandler::handleFatalError(4, 'syntax error, u...', 'C:\\Apache24\\htd...', 36)
#1 [internal function]: ErrorHandler::handleError(4, 'syntax error, u...', 'C:\\Apache24\\htd...', 36, Array)
#2 C:\Apache24\htdocs\reader_f\six\lib\Cake\Core\App.php(931): call_user_func('ErrorHandler::h...', 4, 'syntax error, u...', 'C:\\Apache24\\htd...', 36, Array)
#3 C:\Apache24\htdocs\reader_f\six\lib\Cake\Core\App.php(904): App::_checkFatalError()
#4 [internal function]: App::shutdown()
#5 {main}
2020-05-11 10:58:36 Error: Fatal Error (4): syntax error, unexpected 'fuction' (T_STRING), expecting variable (T_VARIABLE) in [C:\Apache24\htdocs\reader_f\six\app\Model\AppModel.php, line 36]
2020-05-11 10:58:36 Error: [FatalErrorException] syntax error, unexpected 'fuction' (T_STRING), expecting variable (T_VARIABLE)
Request URL: /reader_f/six/friends
Stack Trace:
#0 C:\Apache24\htdocs\reader_f\six\lib\Cake\Error\ErrorHandler.php(203): ErrorHandler::handleFatalError(4, 'syntax error, u...', 'C:\\Apache24\\htd...', 36)
#1 [internal function]: ErrorHandler::handleError(4, 'syntax error, u...', 'C:\\Apache24\\htd...', 36, Array)
#2 C:\Apache24\htdocs\reader_f\six\lib\Cake\Core\App.php(931): call_user_func('ErrorHandler::h...', 4, 'syntax error, u...', 'C:\\Apache24\\htd...', 36, Array)
#3 C:\Apache24\htdocs\reader_f\six\lib\Cake\Core\App.php(904): App::_checkFatalError()
#4 [internal function]: App::shutdown()
#5 {main}
2020-05-11 11:00:12 Error: Fatal Error (4): syntax error, unexpected 'fuction' (T_STRING), expecting variable (T_VARIABLE) in [C:\Apache24\htdocs\reader_f\six\app\Model\AppModel.php, line 36]
2020-05-11 11:00:12 Error: [FatalErrorException] syntax error, unexpected 'fuction' (T_STRING), expecting variable (T_VARIABLE)
Request URL: /reader_f/six/friends
Stack Trace:
#0 C:\Apache24\htdocs\reader_f\six\lib\Cake\Error\ErrorHandler.php(203): ErrorHandler::handleFatalError(4, 'syntax error, u...', 'C:\\Apache24\\htd...', 36)
#1 [internal function]: ErrorHandler::handleError(4, 'syntax error, u...', 'C:\\Apache24\\htd...', 36, Array)
#2 C:\Apache24\htdocs\reader_f\six\lib\Cake\Core\App.php(931): call_user_func('ErrorHandler::h...', 4, 'syntax error, u...', 'C:\\Apache24\\htd...', 36, Array)
#3 C:\Apache24\htdocs\reader_f\six\lib\Cake\Core\App.php(904): App::_checkFatalError()
#4 [internal function]: App::shutdown()
#5 {main}
2020-05-11 11:02:00 Error: Fatal Error (4): syntax error, unexpected 'fuction' (T_STRING), expecting variable (T_VARIABLE) in [C:\Apache24\htdocs\reader_f\six\app\Model\AppModel.php, line 35]
2020-05-11 11:02:00 Error: [FatalErrorException] syntax error, unexpected 'fuction' (T_STRING), expecting variable (T_VARIABLE)
Request URL: /reader_f/six/friends
Stack Trace:
#0 C:\Apache24\htdocs\reader_f\six\lib\Cake\Error\ErrorHandler.php(203): ErrorHandler::handleFatalError(4, 'syntax error, u...', 'C:\\Apache24\\htd...', 35)
#1 [internal function]: ErrorHandler::handleError(4, 'syntax error, u...', 'C:\\Apache24\\htd...', 35, Array)
#2 C:\Apache24\htdocs\reader_f\six\lib\Cake\Core\App.php(931): call_user_func('ErrorHandler::h...', 4, 'syntax error, u...', 'C:\\Apache24\\htd...', 35, Array)
#3 C:\Apache24\htdocs\reader_f\six\lib\Cake\Core\App.php(904): App::_checkFatalError()
#4 [internal function]: App::shutdown()
#5 {main}
2020-05-11 11:08:32 Error: Fatal Error (1): Call to a member function find() on null in [C:\Apache24\htdocs\reader_f\six\app\Controller\FriendsController.php, line 12]
2020-05-11 11:08:32 Error: [FatalErrorException] Call to a member function find() on null
Request URL: /reader_f/six/friends
Stack Trace:
#0 C:\Apache24\htdocs\reader_f\six\lib\Cake\Error\ErrorHandler.php(203): ErrorHandler::handleFatalError(1, 'Call to a membe...', 'C:\\Apache24\\htd...', 12)
#1 [internal function]: ErrorHandler::handleError(1, 'Call to a membe...', 'C:\\Apache24\\htd...', 12, Array)
#2 C:\Apache24\htdocs\reader_f\six\lib\Cake\Core\App.php(931): call_user_func('ErrorHandler::h...', 1, 'Call to a membe...', 'C:\\Apache24\\htd...', 12, Array)
#3 C:\Apache24\htdocs\reader_f\six\lib\Cake\Core\App.php(904): App::_checkFatalError()
#4 [internal function]: App::shutdown()
#5 {main}
2020-05-11 11:14:46 Error: Fatal Error (1): Call to a member function find() on null in [C:\Apache24\htdocs\reader_f\six\app\Controller\FriendsController.php, line 12]
2020-05-11 11:14:46 Error: [FatalErrorException] Call to a member function find() on null
Request URL: /reader_f/six/friends
Stack Trace:
#0 C:\Apache24\htdocs\reader_f\six\lib\Cake\Error\ErrorHandler.php(203): ErrorHandler::handleFatalError(1, 'Call to a membe...', 'C:\\Apache24\\htd...', 12)
#1 [internal function]: ErrorHandler::handleError(1, 'Call to a membe...', 'C:\\Apache24\\htd...', 12, Array)
#2 C:\Apache24\htdocs\reader_f\six\lib\Cake\Core\App.php(931): call_user_func('ErrorHandler::h...', 1, 'Call to a membe...', 'C:\\Apache24\\htd...', 12, Array)
#3 C:\Apache24\htdocs\reader_f\six\lib\Cake\Core\App.php(904): App::_checkFatalError()
#4 [internal function]: App::shutdown()
#5 {main}
2020-05-11 11:16:19 Error: Fatal Error (4): syntax error, unexpected 'fuction' (T_STRING), expecting variable (T_VARIABLE) in [C:\Apache24\htdocs\reader_f\six\app\Model\AppModel.php, line 35]
2020-05-11 11:16:19 Error: [FatalErrorException] syntax error, unexpected 'fuction' (T_STRING), expecting variable (T_VARIABLE)
Request URL: /reader_f/six/friends
Stack Trace:
#0 C:\Apache24\htdocs\reader_f\six\lib\Cake\Error\ErrorHandler.php(203): ErrorHandler::handleFatalError(4, 'syntax error, u...', 'C:\\Apache24\\htd...', 35)
#1 [internal function]: ErrorHandler::handleError(4, 'syntax error, u...', 'C:\\Apache24\\htd...', 35, Array)
#2 C:\Apache24\htdocs\reader_f\six\lib\Cake\Core\App.php(931): call_user_func('ErrorHandler::h...', 4, 'syntax error, u...', 'C:\\Apache24\\htd...', 35, Array)
#3 C:\Apache24\htdocs\reader_f\six\lib\Cake\Core\App.php(904): App::_checkFatalError()
#4 [internal function]: App::shutdown()
#5 {main}
2020-05-11 11:17:52 Error: Fatal Error (4): syntax error, unexpected 'fuction' (T_STRING), expecting variable (T_VARIABLE) in [C:\Apache24\htdocs\reader_f\six\app\Model\AppModel.php, line 35]
2020-05-11 11:17:52 Error: [FatalErrorException] syntax error, unexpected 'fuction' (T_STRING), expecting variable (T_VARIABLE)
Request URL: /reader_f/six/friends
Stack Trace:
#0 C:\Apache24\htdocs\reader_f\six\lib\Cake\Error\ErrorHandler.php(203): ErrorHandler::handleFatalError(4, 'syntax error, u...', 'C:\\Apache24\\htd...', 35)
#1 [internal function]: ErrorHandler::handleError(4, 'syntax error, u...', 'C:\\Apache24\\htd...', 35, Array)
#2 C:\Apache24\htdocs\reader_f\six\lib\Cake\Core\App.php(931): call_user_func('ErrorHandler::h...', 4, 'syntax error, u...', 'C:\\Apache24\\htd...', 35, Array)
#3 C:\Apache24\htdocs\reader_f\six\lib\Cake\Core\App.php(904): App::_checkFatalError()
#4 [internal function]: App::shutdown()
#5 {main}
2020-05-11 11:18:36 Error: [MissingTableException] Table friends for model Friend was not found in datasource default.
Exception Attributes: array (
  'table' => 'friends',
  'class' => 'Friend',
  'ds' => 'default',
)
Request URL: /reader_f/six/friends
Stack Trace:
#0 C:\Apache24\htdocs\reader_f\six\lib\Cake\Model\Model.php(3572): Model->setSource('friends')
#1 C:\Apache24\htdocs\reader_f\six\lib\Cake\Model\Model.php(2950): Model->getDataSource()
#2 C:\Apache24\htdocs\reader_f\six\lib\Cake\Model\Model.php(2922): Model->_readDataSource('all', Array)
#3 C:\Apache24\htdocs\reader_f\six\app\Controller\FriendsController.php(12): Model->find('all', Array)
#4 [internal function]: FriendsController->index()
#5 C:\Apache24\htdocs\reader_f\six\lib\Cake\Controller\Controller.php(490): ReflectionMethod->invokeArgs(Object(FriendsController), Array)
#6 C:\Apache24\htdocs\reader_f\six\lib\Cake\Routing\Dispatcher.php(193): Controller->invokeAction(Object(CakeRequest))
#7 C:\Apache24\htdocs\reader_f\six\lib\Cake\Routing\Dispatcher.php(167): Dispatcher->_invoke(Object(FriendsController), Object(CakeRequest))
#8 C:\Apache24\htdocs\reader_f\six\app\webroot\index.php(108): Dispatcher->dispatch(Object(CakeRequest), Object(CakeResponse))
#9 {main}
2020-05-11 11:20:08 Error: Fatal Error (4): syntax error, unexpected 'fuction' (T_STRING), expecting variable (T_VARIABLE) in [C:\Apache24\htdocs\reader_f\six\app\Model\AppModel.php, line 35]
2020-05-11 11:20:08 Error: [FatalErrorException] syntax error, unexpected 'fuction' (T_STRING), expecting variable (T_VARIABLE)
Request URL: /reader_f/six/friends
Stack Trace:
#0 C:\Apache24\htdocs\reader_f\six\lib\Cake\Error\ErrorHandler.php(203): ErrorHandler::handleFatalError(4, 'syntax error, u...', 'C:\\Apache24\\htd...', 35)
#1 [internal function]: ErrorHandler::handleError(4, 'syntax error, u...', 'C:\\Apache24\\htd...', 35, Array)
#2 C:\Apache24\htdocs\reader_f\six\lib\Cake\Core\App.php(931): call_user_func('ErrorHandler::h...', 4, 'syntax error, u...', 'C:\\Apache24\\htd...', 35, Array)
#3 C:\Apache24\htdocs\reader_f\six\lib\Cake\Core\App.php(904): App::_checkFatalError()
#4 [internal function]: App::shutdown()
#5 {main}
2020-05-11 11:21:08 Error: Fatal Error (4): syntax error, unexpected 'fuction' (T_STRING), expecting variable (T_VARIABLE) in [C:\Apache24\htdocs\reader_f\six\app\Model\AppModel.php, line 35]
2020-05-11 11:21:08 Error: [FatalErrorException] syntax error, unexpected 'fuction' (T_STRING), expecting variable (T_VARIABLE)
Request URL: /reader_f/six/friends
Stack Trace:
#0 C:\Apache24\htdocs\reader_f\six\lib\Cake\Error\ErrorHandler.php(203): ErrorHandler::handleFatalError(4, 'syntax error, u...', 'C:\\Apache24\\htd...', 35)
#1 [internal function]: ErrorHandler::handleError(4, 'syntax error, u...', 'C:\\Apache24\\htd...', 35, Array)
#2 C:\Apache24\htdocs\reader_f\six\lib\Cake\Core\App.php(931): call_user_func('ErrorHandler::h...', 4, 'syntax error, u...', 'C:\\Apache24\\htd...', 35, Array)
#3 C:\Apache24\htdocs\reader_f\six\lib\Cake\Core\App.php(904): App::_checkFatalError()
#4 [internal function]: App::shutdown()
#5 {main}
2020-05-11 11:21:36 Error: [MissingControllerException] Controller class BbsThreadController could not be found.
Exception Attributes: array (
  'class' => 'BbsThreadController',
  'plugin' => NULL,
)
Request URL: /reader_f/six/bbs_thread
Stack Trace:
#0 C:\Apache24\htdocs\reader_f\six\app\webroot\index.php(108): Dispatcher->dispatch(Object(CakeRequest), Object(CakeResponse))
#1 {main}
2020-05-11 11:22:50 Error: [MissingControllerException] Controller class IndexController could not be found.
Exception Attributes: array (
  'class' => 'IndexController',
  'plugin' => NULL,
)
Request URL: /reader_f/six/index
Stack Trace:
#0 C:\Apache24\htdocs\reader_f\six\app\webroot\index.php(108): Dispatcher->dispatch(Object(CakeRequest), Object(CakeResponse))
#1 {main}
2020-05-11 11:23:14 Error: Fatal Error (4): syntax error, unexpected 'fuction' (T_STRING), expecting variable (T_VARIABLE) in [C:\Apache24\htdocs\reader_f\six\app\Model\AppModel.php, line 35]
2020-05-11 11:23:14 Error: [FatalErrorException] syntax error, unexpected 'fuction' (T_STRING), expecting variable (T_VARIABLE)
Request URL: /reader_f/six/tasks
Stack Trace:
#0 C:\Apache24\htdocs\reader_f\six\lib\Cake\Error\ErrorHandler.php(203): ErrorHandler::handleFatalError(4, 'syntax error, u...', 'C:\\Apache24\\htd...', 35)
#1 [internal function]: ErrorHandler::handleError(4, 'syntax error, u...', 'C:\\Apache24\\htd...', 35, Array)
#2 C:\Apache24\htdocs\reader_f\six\lib\Cake\Core\App.php(931): call_user_func('ErrorHandler::h...', 4, 'syntax error, u...', 'C:\\Apache24\\htd...', 35, Array)
#3 C:\Apache24\htdocs\reader_f\six\lib\Cake\Core\App.php(904): App::_checkFatalError()
#4 [internal function]: App::shutdown()
#5 {main}
2020-05-11 11:23:50 Error: Fatal Error (4): syntax error, unexpected '}' in [C:\Apache24\htdocs\reader_f\six\app\Model\AppModel.php, line 38]
2020-05-11 11:23:50 Error: [FatalErrorException] syntax error, unexpected '}'
Request URL: /reader_f/six/tasks
Stack Trace:
#0 C:\Apache24\htdocs\reader_f\six\lib\Cake\Error\ErrorHandler.php(203): ErrorHandler::handleFatalError(4, 'syntax error, u...', 'C:\\Apache24\\htd...', 38)
#1 [internal function]: ErrorHandler::handleError(4, 'syntax error, u...', 'C:\\Apache24\\htd...', 38, Array)
#2 C:\Apache24\htdocs\reader_f\six\lib\Cake\Core\App.php(931): call_user_func('ErrorHandler::h...', 4, 'syntax error, u...', 'C:\\Apache24\\htd...', 38, Array)
#3 C:\Apache24\htdocs\reader_f\six\lib\Cake\Core\App.php(904): App::_checkFatalError()
#4 [internal function]: App::shutdown()
#5 {main}
2020-05-11 11:24:17 Error: Fatal Error (1): Class 'AppModel' not found in [C:\Apache24\htdocs\reader_f\six\lib\Cake\Utility\ClassRegistry.php, line 186]
2020-05-11 11:24:17 Error: [FatalErrorException] Class 'AppModel' not found
Request URL: /reader_f/six/tasks
Stack Trace:
#0 C:\Apache24\htdocs\reader_f\six\lib\Cake\Error\ErrorHandler.php(203): ErrorHandler::handleFatalError(1, 'Class 'AppModel...', 'C:\\Apache24\\htd...', 186)
#1 [internal function]: ErrorHandler::handleError(1, 'Class 'AppModel...', 'C:\\Apache24\\htd...', 186, Array)
#2 C:\Apache24\htdocs\reader_f\six\lib\Cake\Core\App.php(931): call_user_func('ErrorHandler::h...', 1, 'Class 'AppModel...', 'C:\\Apache24\\htd...', 186, Array)
#3 C:\Apache24\htdocs\reader_f\six\lib\Cake\Core\App.php(904): App::_checkFatalError()
#4 [internal function]: App::shutdown()
#5 {main}
2020-05-11 11:24:43 Error: Fatal Error (4): syntax error, unexpected 'fuction' (T_STRING), expecting variable (T_VARIABLE) in [C:\Apache24\htdocs\reader_f\six\app\Model\AppModel.php, line 36]
2020-05-11 11:24:43 Error: [FatalErrorException] syntax error, unexpected 'fuction' (T_STRING), expecting variable (T_VARIABLE)
Request URL: /reader_f/six/tasks
Stack Trace:
#0 C:\Apache24\htdocs\reader_f\six\lib\Cake\Error\ErrorHandler.php(203): ErrorHandler::handleFatalError(4, 'syntax error, u...', 'C:\\Apache24\\htd...', 36)
#1 [internal function]: ErrorHandler::handleError(4, 'syntax error, u...', 'C:\\Apache24\\htd...', 36, Array)
#2 C:\Apache24\htdocs\reader_f\six\lib\Cake\Core\App.php(931): call_user_func('ErrorHandler::h...', 4, 'syntax error, u...', 'C:\\Apache24\\htd...', 36, Array)
#3 C:\Apache24\htdocs\reader_f\six\lib\Cake\Core\App.php(904): App::_checkFatalError()
#4 [internal function]: App::shutdown()
#5 {main}
2020-05-11 11:30:52 Error: Fatal Error (4): syntax error, unexpected 'fuction' (T_STRING), expecting variable (T_VARIABLE) in [C:\Apache24\htdocs\reader_f\six\app\Model\AppModel.php, line 36]
2020-05-11 11:30:52 Error: [FatalErrorException] syntax error, unexpected 'fuction' (T_STRING), expecting variable (T_VARIABLE)
Request URL: /reader_f/six/tasks
Stack Trace:
#0 C:\Apache24\htdocs\reader_f\six\lib\Cake\Error\ErrorHandler.php(203): ErrorHandler::handleFatalError(4, 'syntax error, u...', 'C:\\Apache24\\htd...', 36)
#1 [internal function]: ErrorHandler::handleError(4, 'syntax error, u...', 'C:\\Apache24\\htd...', 36, Array)
#2 C:\Apache24\htdocs\reader_f\six\lib\Cake\Core\App.php(931): call_user_func('ErrorHandler::h...', 4, 'syntax error, u...', 'C:\\Apache24\\htd...', 36, Array)
#3 C:\Apache24\htdocs\reader_f\six\lib\Cake\Core\App.php(904): App::_checkFatalError()
#4 [internal function]: App::shutdown()
#5 {main}
2020-05-11 11:31:02 Error: Fatal Error (4): syntax error, unexpected 'fuction' (T_STRING), expecting variable (T_VARIABLE) in [C:\Apache24\htdocs\reader_f\six\app\Model\AppModel.php, line 36]
2020-05-11 11:31:02 Error: [FatalErrorException] syntax error, unexpected 'fuction' (T_STRING), expecting variable (T_VARIABLE)
Request URL: /reader_f/six/friends
Stack Trace:
#0 C:\Apache24\htdocs\reader_f\six\lib\Cake\Error\ErrorHandler.php(203): ErrorHandler::handleFatalError(4, 'syntax error, u...', 'C:\\Apache24\\htd...', 36)
#1 [internal function]: ErrorHandler::handleError(4, 'syntax error, u...', 'C:\\Apache24\\htd...', 36, Array)
#2 C:\Apache24\htdocs\reader_f\six\lib\Cake\Core\App.php(931): call_user_func('ErrorHandler::h...', 4, 'syntax error, u...', 'C:\\Apache24\\htd...', 36, Array)
#3 C:\Apache24\htdocs\reader_f\six\lib\Cake\Core\App.php(904): App::_checkFatalError()
#4 [internal function]: App::shutdown()
#5 {main}
